0 62389731 62238040 0.0024 0.0000 15 0 0 13 12951 12951 13 11.90
1 62389731 62238040 1.0000 0.0000 15 0 0 15 0 0 15 11.90
2 62389731 62238040 1.0000 0.0000 15 0 0 15 0 0 15 11.90
3 220991739 283228431 0.0000 0.0000 54 1 0 1 35044 35044 1 42.14
4 62389731 283228431 1.0000 0.0000 15 0 0 15 0 0 15 11.87
5 62389731 283228431 1.0000 0.0000 15 0 0 15 0 0 15 11.90
6 62389731 283228431 1.0000 0.0000 15 0 0 15 0 0 15 11.90
7 62389731 283228431 1.0000 0.0000 15 0 0 15 0 0 15 11.90
8 62389731 283228431 1.0000 0.0000 15 0 0 15 0 0 15 11.90
9 62389731 283228431 1.0000 0.0000 15 0 0 15 0 0 15 11.90
10 62389731 283228431 1.0000 0.0000 15 0 0 15 0 0 15 11.90
11 62389731 283228431 1.0000 0.0000 15 0 0 15 0 0 15 11.90
12 62389731 283228431 1.0000 0.0000 15 0 0 15 0 0 15 11.90
13 62389731 283228431 1.0000 0.0000 15 0 0 15 0 0 15 11.90
0 33691365698 24819190623 0.2633 0.0000 6015 8 0 20090 5686378 5686378 20090 377.98
1 64740629671 44293611399 0.6992 0.0000 10774 80 7 39655 4592300 4592300 39655 514.47
0 33691365698 24819190623 0.2633 0.0000 6015 8 0 20090 5686378 5686378 20090 305.97
1 64740629671 44293611399 0.6992 0.0000 10774 80 7 39656 4592300 4592300 39656 425.75
2 40322479836 44813354615 0.9871 0.0000 7353 169 58 38199 112634 112634 38199 640.75
3 65026406030 45394523987 0.9911 0.0000 11032 278 162 50286 127794 127794 50286 620.04
4 39793002988 45672813172 0.9930 0.0000 7442 340 247 44090 60008 60008 44090 632.34
0 33691365698 24819190623 0.2633 0.0000 6015 8 0 20090 5686378 5686378 20090 305.96
1 64740629671 44293611399 0.6992 0.0000 10774 80 7 39656 4592300 4592300 39656 425.75
